<?xml version="1.0" encoding="UTF-8"?>
<!-- Generated by org.testng.reporters.JUnitReportReporter -->
<testsuite skipped="0" hostname="DESKTOP-2EJ98P4" name="TestNg2.AddCategory" tests="1" failures="0" timestamp="2022-07-02T15:16:27 CDT" time="7.544" errors="0">
  <testcase name="validateMonth" time="7.544" classname="TestNg2.AddCategory"/>
  <system-out/>
</testsuite> <!-- TestNg2.AddCategory -->
